Copyright 1986-2020 Xilinx, Inc. All Rights Reserved.
------------------------------------------------------------------------------------
| Tool Version : Vivado v.2020.2 (win64) Build 3064766 Wed Nov 18 09:12:45 MST 2020
| Date         : Fri Oct 31 19:57:36 2025
| Host         : LATTOP running 64-bit major release  (build 9200)
| Command      : upgrade_ip
| Device       : xc7z010clg400-1
------------------------------------------------------------------------------------

Upgrade Log for IP 'systembram_pl_bram_rd_0_0'

1. Summary
----------

SUCCESS in the upgrade of systembram_pl_bram_rd_0_0 (xilinx.com:user:pl_bram_rd:1.0) from (Rev. 39) to (Rev. 40)






Copyright 1986-2020 Xilinx, Inc. All Rights Reserved.
------------------------------------------------------------------------------------
| Tool Version : Vivado v.2020.2 (win64) Build 3064766 Wed Nov 18 09:12:45 MST 2020
| Date         : Fri Oct 31 19:17:25 2025
| Host         : LATTOP running 64-bit major release  (build 9200)
| Command      : upgrade_ip
| Device       : xc7z010clg400-1
------------------------------------------------------------------------------------

Upgrade Log for IP 'systembram_pl_bram_rd_0_0'

1. Summary
----------

SUCCESS in the upgrade of systembram_pl_bram_rd_0_0 (xilinx.com:user:pl_bram_rd:1.0) from (Rev. 35) to (Rev. 39)






Copyright 1986-2020 Xilinx, Inc. All Rights Reserved.
------------------------------------------------------------------------------------
| Tool Version : Vivado v.2020.2 (win64) Build 3064766 Wed Nov 18 09:12:45 MST 2020
| Date         : Fri Jul  4 14:39:44 2025
| Host         : LAPTOP-83MS5HBI running 64-bit major release  (build 9200)
| Command      : upgrade_ip
| Device       : xc7z010clg400-1
------------------------------------------------------------------------------------

Upgrade Log for IP 'systembram_pl_bram_rd_0_0'

1. Summary
----------

SUCCESS in the upgrade of systembram_pl_bram_rd_0_0 (xilinx.com:user:pl_bram_rd:1.0) from (Rev. 37) to (Rev. 38)






Copyright 1986-2020 Xilinx, Inc. All Rights Reserved.
------------------------------------------------------------------------------------
| Tool Version : Vivado v.2020.2 (win64) Build 3064766 Wed Nov 18 09:12:45 MST 2020
| Date         : Thu Jul  3 21:13:01 2025
| Host         : LAPTOP-83MS5HBI running 64-bit major release  (build 9200)
| Command      : upgrade_ip
| Device       : xc7z010clg400-1
------------------------------------------------------------------------------------

Upgrade Log for IP 'systembram_pl_bram_rd_0_0'

1. Summary
----------

SUCCESS in the upgrade of systembram_pl_bram_rd_0_0 (xilinx.com:user:pl_bram_rd:1.0) from (Rev. 36) to (Rev. 37)






Copyright 1986-2020 Xilinx, Inc. All Rights Reserved.
------------------------------------------------------------------------------------
| Tool Version : Vivado v.2020.2 (win64) Build 3064766 Wed Nov 18 09:12:45 MST 2020
| Date         : Thu Jul  3 20:40:47 2025
| Host         : LAPTOP-83MS5HBI running 64-bit major release  (build 9200)
| Command      : upgrade_ip
| Device       : xc7z010clg400-1
------------------------------------------------------------------------------------

Upgrade Log for IP 'systembram_pl_bram_rd_0_0'

1. Summary
----------

SUCCESS in the upgrade of systembram_pl_bram_rd_0_0 (xilinx.com:user:pl_bram_rd:1.0) from (Rev. 35) to (Rev. 36)






Copyright 1986-2020 Xilinx, Inc. All Rights Reserved.
------------------------------------------------------------------------------------
| Tool Version : Vivado v.2020.2 (win64) Build 3064766 Wed Nov 18 09:12:45 MST 2020
| Date         : Thu May  8 19:08:12 2025
| Host         : LAPTOP-83MS5HBI running 64-bit major release  (build 9200)
| Command      : upgrade_ip
| Device       : xc7z010clg400-1
------------------------------------------------------------------------------------

Upgrade Log for IP 'systembram_pl_bram_rd_0_0'

1. Summary
----------

SUCCESS in the upgrade of systembram_pl_bram_rd_0_0 (xilinx.com:user:pl_bram_rd:1.0) from (Rev. 34) to (Rev. 35)






Copyright 1986-2020 Xilinx, Inc. All Rights Reserved.
------------------------------------------------------------------------------------
| Tool Version : Vivado v.2020.2 (win64) Build 3064766 Wed Nov 18 09:12:45 MST 2020
| Date         : Thu May  8 17:51:34 2025
| Host         : LAPTOP-83MS5HBI running 64-bit major release  (build 9200)
| Command      : upgrade_ip
| Device       : xc7z010clg400-1
------------------------------------------------------------------------------------

Upgrade Log for IP 'systembram_pl_bram_rd_0_0'

1. Summary
----------

SUCCESS in the upgrade of systembram_pl_bram_rd_0_0 (xilinx.com:user:pl_bram_rd:1.0) from (Rev. 33) to (Rev. 34)






Copyright 1986-2020 Xilinx, Inc. All Rights Reserved.
------------------------------------------------------------------------------------
| Tool Version : Vivado v.2020.2 (win64) Build 3064766 Wed Nov 18 09:12:45 MST 2020
| Date         : Thu May  8 11:38:51 2025
| Host         : LAPTOP-83MS5HBI running 64-bit major release  (build 9200)
| Command      : upgrade_ip
| Device       : xc7z010clg400-1
------------------------------------------------------------------------------------

Upgrade Log for IP 'systembram_pl_bram_rd_0_0'

1. Summary
----------

SUCCESS in the upgrade of systembram_pl_bram_rd_0_0 (xilinx.com:user:pl_bram_rd:1.0) from (Rev. 32) to (Rev. 33)






Copyright 1986-2020 Xilinx, Inc. All Rights Reserved.
------------------------------------------------------------------------------------
| Tool Version : Vivado v.2020.2 (win64) Build 3064766 Wed Nov 18 09:12:45 MST 2020
| Date         : Thu May  8 11:30:29 2025
| Host         : LAPTOP-83MS5HBI running 64-bit major release  (build 9200)
| Command      : upgrade_ip
| Device       : xc7z010clg400-1
------------------------------------------------------------------------------------

Upgrade Log for IP 'systembram_pl_bram_rd_0_0'

1. Summary
----------

SUCCESS in the upgrade of systembram_pl_bram_rd_0_0 (xilinx.com:user:pl_bram_rd:1.0) from (Rev. 31) to (Rev. 32)






Copyright 1986-2020 Xilinx, Inc. All Rights Reserved.
------------------------------------------------------------------------------------
| Tool Version : Vivado v.2020.2 (win64) Build 3064766 Wed Nov 18 09:12:45 MST 2020
| Date         : Thu May  8 10:43:44 2025
| Host         : LAPTOP-83MS5HBI running 64-bit major release  (build 9200)
| Command      : upgrade_ip
| Device       : xc7z010clg400-1
------------------------------------------------------------------------------------

Upgrade Log for IP 'systembram_pl_bram_rd_0_0'

1. Summary
----------

SUCCESS in the upgrade of systembram_pl_bram_rd_0_0 (xilinx.com:user:pl_bram_rd:1.0) from (Rev. 30) to (Rev. 31)






Copyright 1986-2020 Xilinx, Inc. All Rights Reserved.
------------------------------------------------------------------------------------
| Tool Version : Vivado v.2020.2 (win64) Build 3064766 Wed Nov 18 09:12:45 MST 2020
| Date         : Thu May  8 10:32:46 2025
| Host         : LAPTOP-83MS5HBI running 64-bit major release  (build 9200)
| Command      : upgrade_ip
| Device       : xc7z010clg400-1
------------------------------------------------------------------------------------

Upgrade Log for IP 'systembram_pl_bram_rd_0_0'

1. Summary
----------

SUCCESS in the upgrade of systembram_pl_bram_rd_0_0 (xilinx.com:user:pl_bram_rd:1.0) from (Rev. 29) to (Rev. 30)






Copyright 1986-2020 Xilinx, Inc. All Rights Reserved.
------------------------------------------------------------------------------------
| Tool Version : Vivado v.2020.2 (win64) Build 3064766 Wed Nov 18 09:12:45 MST 2020
| Date         : Thu May  8 09:47:03 2025
| Host         : LAPTOP-83MS5HBI running 64-bit major release  (build 9200)
| Command      : upgrade_ip
| Device       : xc7z010clg400-1
------------------------------------------------------------------------------------

Upgrade Log for IP 'systembram_pl_bram_rd_0_0'

1. Summary
----------

SUCCESS in the upgrade of systembram_pl_bram_rd_0_0 (xilinx.com:user:pl_bram_rd:1.0) from (Rev. 28) to (Rev. 29)






Copyright 1986-2020 Xilinx, Inc. All Rights Reserved.
------------------------------------------------------------------------------------
| Tool Version : Vivado v.2020.2 (win64) Build 3064766 Wed Nov 18 09:12:45 MST 2020
| Date         : Thu May  8 09:26:32 2025
| Host         : LAPTOP-83MS5HBI running 64-bit major release  (build 9200)
| Command      : upgrade_ip
| Device       : xc7z010clg400-1
------------------------------------------------------------------------------------

Upgrade Log for IP 'systembram_pl_bram_rd_0_0'

1. Summary
----------

SUCCESS in the upgrade of systembram_pl_bram_rd_0_0 (xilinx.com:user:pl_bram_rd:1.0) from (Rev. 27) to (Rev. 28)






Copyright 1986-2020 Xilinx, Inc. All Rights Reserved.
------------------------------------------------------------------------------------
| Tool Version : Vivado v.2020.2 (win64) Build 3064766 Wed Nov 18 09:12:45 MST 2020
| Date         : Thu May  8 09:18:08 2025
| Host         : LAPTOP-83MS5HBI running 64-bit major release  (build 9200)
| Command      : upgrade_ip
| Device       : xc7z010clg400-1
------------------------------------------------------------------------------------

Upgrade Log for IP 'systembram_pl_bram_rd_0_0'

1. Summary
----------

SUCCESS in the upgrade of systembram_pl_bram_rd_0_0 (xilinx.com:user:pl_bram_rd:1.0) from (Rev. 26) to (Rev. 27)






Copyright 1986-2020 Xilinx, Inc. All Rights Reserved.
------------------------------------------------------------------------------------
| Tool Version : Vivado v.2020.2 (win64) Build 3064766 Wed Nov 18 09:12:45 MST 2020
| Date         : Thu May  8 09:05:19 2025
| Host         : LAPTOP-83MS5HBI running 64-bit major release  (build 9200)
| Command      : upgrade_ip
| Device       : xc7z010clg400-1
------------------------------------------------------------------------------------

Upgrade Log for IP 'systembram_pl_bram_rd_0_0'

1. Summary
----------

SUCCESS in the upgrade of systembram_pl_bram_rd_0_0 (xilinx.com:user:pl_bram_rd:1.0) from (Rev. 25) to (Rev. 26)






Copyright 1986-2020 Xilinx, Inc. All Rights Reserved.
------------------------------------------------------------------------------------
| Tool Version : Vivado v.2020.2 (win64) Build 3064766 Wed Nov 18 09:12:45 MST 2020
| Date         : Thu May  8 08:32:02 2025
| Host         : LAPTOP-83MS5HBI running 64-bit major release  (build 9200)
| Command      : upgrade_ip
| Device       : xc7z010clg400-1
------------------------------------------------------------------------------------

Upgrade Log for IP 'systembram_pl_bram_rd_0_0'

1. Summary
----------

SUCCESS in the upgrade of systembram_pl_bram_rd_0_0 (xilinx.com:user:pl_bram_rd:1.0) from (Rev. 23) to (Rev. 25)






Copyright 1986-2020 Xilinx, Inc. All Rights Reserved.
------------------------------------------------------------------------------------
| Tool Version : Vivado v.2020.2 (win64) Build 3064766 Wed Nov 18 09:12:45 MST 2020
| Date         : Thu May  8 01:40:27 2025
| Host         : LAPTOP-83MS5HBI running 64-bit major release  (build 9200)
| Command      : upgrade_ip
| Device       : xc7z010clg400-1
------------------------------------------------------------------------------------

Upgrade Log for IP 'systembram_pl_bram_rd_0_0'

1. Summary
----------

SUCCESS in the upgrade of systembram_pl_bram_rd_0_0 (xilinx.com:user:pl_bram_rd:1.0) from (Rev. 21) to (Rev. 23)






Copyright 1986-2020 Xilinx, Inc. All Rights Reserved.
------------------------------------------------------------------------------------
| Tool Version : Vivado v.2020.2 (win64) Build 3064766 Wed Nov 18 09:12:45 MST 2020
| Date         : Thu May  8 01:16:16 2025
| Host         : LAPTOP-83MS5HBI running 64-bit major release  (build 9200)
| Command      : upgrade_ip
| Device       : xc7z010clg400-1
------------------------------------------------------------------------------------

Upgrade Log for IP 'systembram_pl_bram_rd_0_0'

1. Summary
----------

SUCCESS in the upgrade of systembram_pl_bram_rd_0_0 (xilinx.com:user:pl_bram_rd:1.0) from (Rev. 19) to (Rev. 21)






Copyright 1986-2020 Xilinx, Inc. All Rights Reserved.
------------------------------------------------------------------------------------
| Tool Version : Vivado v.2020.2 (win64) Build 3064766 Wed Nov 18 09:12:45 MST 2020
| Date         : Thu May  8 01:03:20 2025
| Host         : LAPTOP-83MS5HBI running 64-bit major release  (build 9200)
| Command      : upgrade_ip
| Device       : xc7z010clg400-1
------------------------------------------------------------------------------------

Upgrade Log for IP 'systembram_pl_bram_rd_0_0'

1. Summary
----------

SUCCESS in the upgrade of systembram_pl_bram_rd_0_0 (xilinx.com:user:pl_bram_rd:1.0) from (Rev. 18) to (Rev. 19)






Copyright 1986-2020 Xilinx, Inc. All Rights Reserved.
------------------------------------------------------------------------------------
| Tool Version : Vivado v.2020.2 (win64) Build 3064766 Wed Nov 18 09:12:45 MST 2020
| Date         : Thu May  8 00:36:25 2025
| Host         : LAPTOP-83MS5HBI running 64-bit major release  (build 9200)
| Command      : upgrade_ip
| Device       : xc7z010clg400-1
------------------------------------------------------------------------------------

Upgrade Log for IP 'systembram_pl_bram_rd_0_0'

1. Summary
----------

SUCCESS in the upgrade of systembram_pl_bram_rd_0_0 (xilinx.com:user:pl_bram_rd:1.0) from (Rev. 17) to (Rev. 18)






Copyright 1986-2020 Xilinx, Inc. All Rights Reserved.
------------------------------------------------------------------------------------
| Tool Version : Vivado v.2020.2 (win64) Build 3064766 Wed Nov 18 09:12:45 MST 2020
| Date         : Wed May  7 23:50:16 2025
| Host         : LAPTOP-83MS5HBI running 64-bit major release  (build 9200)
| Command      : upgrade_ip
| Device       : xc7z010clg400-1
------------------------------------------------------------------------------------

Upgrade Log for IP 'systembram_pl_bram_rd_0_0'

1. Summary
----------

SUCCESS in the upgrade of systembram_pl_bram_rd_0_0 (xilinx.com:user:pl_bram_rd:1.0) from (Rev. 16) to (Rev. 17)






Copyright 1986-2020 Xilinx, Inc. All Rights Reserved.
------------------------------------------------------------------------------------
| Tool Version : Vivado v.2020.2 (win64) Build 3064766 Wed Nov 18 09:12:45 MST 2020
| Date         : Wed May  7 23:30:20 2025
| Host         : LAPTOP-83MS5HBI running 64-bit major release  (build 9200)
| Command      : upgrade_ip
| Device       : xc7z010clg400-1
------------------------------------------------------------------------------------

Upgrade Log for IP 'systembram_pl_bram_rd_0_0'

1. Summary
----------

SUCCESS in the upgrade of systembram_pl_bram_rd_0_0 (xilinx.com:user:pl_bram_rd:1.0) from (Rev. 15) to (Rev. 16)






Copyright 1986-2020 Xilinx, Inc. All Rights Reserved.
------------------------------------------------------------------------------------
| Tool Version : Vivado v.2020.2 (win64) Build 3064766 Wed Nov 18 09:12:45 MST 2020
| Date         : Wed May  7 23:03:39 2025
| Host         : LAPTOP-83MS5HBI running 64-bit major release  (build 9200)
| Command      : upgrade_ip
| Device       : xc7z010clg400-1
------------------------------------------------------------------------------------

Upgrade Log for IP 'systembram_pl_bram_rd_0_0'

1. Summary
----------

SUCCESS in the upgrade of systembram_pl_bram_rd_0_0 (xilinx.com:user:pl_bram_rd:1.0) from (Rev. 14) to (Rev. 15)






Copyright 1986-2020 Xilinx, Inc. All Rights Reserved.
------------------------------------------------------------------------------------
| Tool Version : Vivado v.2020.2 (win64) Build 3064766 Wed Nov 18 09:12:45 MST 2020
| Date         : Wed May  7 22:32:22 2025
| Host         : LAPTOP-83MS5HBI running 64-bit major release  (build 9200)
| Command      : upgrade_ip
| Device       : xc7z010clg400-1
------------------------------------------------------------------------------------

Upgrade Log for IP 'systembram_pl_bram_rd_0_0'

1. Summary
----------

SUCCESS in the upgrade of systembram_pl_bram_rd_0_0 (xilinx.com:user:pl_bram_rd:1.0) from (Rev. 13) to (Rev. 14)






Copyright 1986-2020 Xilinx, Inc. All Rights Reserved.
------------------------------------------------------------------------------------
| Tool Version : Vivado v.2020.2 (win64) Build 3064766 Wed Nov 18 09:12:45 MST 2020
| Date         : Wed May  7 21:55:35 2025
| Host         : LAPTOP-83MS5HBI running 64-bit major release  (build 9200)
| Command      : upgrade_ip
| Device       : xc7z010clg400-1
------------------------------------------------------------------------------------

Upgrade Log for IP 'systembram_pl_bram_rd_0_0'

1. Summary
----------

SUCCESS in the upgrade of systembram_pl_bram_rd_0_0 (xilinx.com:user:pl_bram_rd:1.0) from (Rev. 12) to (Rev. 13)






Copyright 1986-2020 Xilinx, Inc. All Rights Reserved.
------------------------------------------------------------------------------------
| Tool Version : Vivado v.2020.2 (win64) Build 3064766 Wed Nov 18 09:12:45 MST 2020
| Date         : Wed May  7 21:52:34 2025
| Host         : LAPTOP-83MS5HBI running 64-bit major release  (build 9200)
| Command      : upgrade_ip
| Device       : xc7z010clg400-1
------------------------------------------------------------------------------------

Upgrade Log for IP 'systembram_pl_bram_rd_0_0'

1. Summary
----------

SUCCESS in the upgrade of systembram_pl_bram_rd_0_0 (xilinx.com:user:pl_bram_rd:1.0) from (Rev. 11) to (Rev. 12)






Copyright 1986-2020 Xilinx, Inc. All Rights Reserved.
------------------------------------------------------------------------------------
| Tool Version : Vivado v.2020.2 (win64) Build 3064766 Wed Nov 18 09:12:45 MST 2020
| Date         : Wed May  7 21:23:37 2025
| Host         : LAPTOP-83MS5HBI running 64-bit major release  (build 9200)
| Command      : upgrade_ip
| Device       : xc7z010clg400-1
------------------------------------------------------------------------------------

Upgrade Log for IP 'systembram_pl_bram_rd_0_0'

1. Summary
----------

SUCCESS in the upgrade of systembram_pl_bram_rd_0_0 (xilinx.com:user:pl_bram_rd:1.0) from (Rev. 10) to (Rev. 11)






Copyright 1986-2020 Xilinx, Inc. All Rights Reserved.
------------------------------------------------------------------------------------
| Tool Version : Vivado v.2020.2 (win64) Build 3064766 Wed Nov 18 09:12:45 MST 2020
| Date         : Wed May  7 20:49:35 2025
| Host         : LAPTOP-83MS5HBI running 64-bit major release  (build 9200)
| Command      : upgrade_ip
| Device       : xc7z010clg400-1
------------------------------------------------------------------------------------

Upgrade Log for IP 'systembram_pl_bram_rd_0_0'

1. Summary
----------

SUCCESS in the upgrade of systembram_pl_bram_rd_0_0 (xilinx.com:user:pl_bram_rd:1.0) from (Rev. 8) to (Rev. 10)






Copyright 1986-2020 Xilinx, Inc. All Rights Reserved.
------------------------------------------------------------------------------------
| Tool Version : Vivado v.2020.2 (win64) Build 3064766 Wed Nov 18 09:12:45 MST 2020
| Date         : Wed May  7 20:13:35 2025
| Host         : LAPTOP-83MS5HBI running 64-bit major release  (build 9200)
| Command      : upgrade_ip
| Device       : xc7z010clg400-1
------------------------------------------------------------------------------------

Upgrade Log for IP 'systembram_pl_bram_rd_0_0'

1. Summary
----------

SUCCESS in the upgrade of systembram_pl_bram_rd_0_0 (xilinx.com:user:pl_bram_rd:1.0) from (Rev. 7) to (Rev. 8)






Copyright 1986-2020 Xilinx, Inc. All Rights Reserved.
------------------------------------------------------------------------------------
| Tool Version : Vivado v.2020.2 (win64) Build 3064766 Wed Nov 18 09:12:45 MST 2020
| Date         : Tue May  6 18:34:19 2025
| Host         : LAPTOP-83MS5HBI running 64-bit major release  (build 9200)
| Command      : upgrade_ip
| Device       : xc7z010clg400-1
------------------------------------------------------------------------------------

Upgrade Log for IP 'systembram_pl_bram_rd_0_0'

1. Summary
----------

SUCCESS in the upgrade of systembram_pl_bram_rd_0_0 (xilinx.com:user:pl_bram_rd:1.0) from (Rev. 6) to (Rev. 7)






Copyright 1986-2020 Xilinx, Inc. All Rights Reserved.
------------------------------------------------------------------------------------
| Tool Version : Vivado v.2020.2 (win64) Build 3064766 Wed Nov 18 09:12:45 MST 2020
| Date         : Tue May  6 18:17:08 2025
| Host         : LAPTOP-83MS5HBI running 64-bit major release  (build 9200)
| Command      : upgrade_ip
| Device       : xc7z010clg400-1
------------------------------------------------------------------------------------

Upgrade Log for IP 'systembram_pl_bram_rd_0_0'

1. Summary
----------

SUCCESS in the upgrade of systembram_pl_bram_rd_0_0 (xilinx.com:user:pl_bram_rd:1.0) from (Rev. 5) to (Rev. 6)






Copyright 1986-2020 Xilinx, Inc. All Rights Reserved.
------------------------------------------------------------------------------------
| Tool Version : Vivado v.2020.2 (win64) Build 3064766 Wed Nov 18 09:12:45 MST 2020
| Date         : Tue May  6 18:08:52 2025
| Host         : LAPTOP-83MS5HBI running 64-bit major release  (build 9200)
| Command      : upgrade_ip
| Device       : xc7z010clg400-1
------------------------------------------------------------------------------------

Upgrade Log for IP 'systembram_pl_bram_rd_0_0'

1. Summary
----------

SUCCESS in the upgrade of systembram_pl_bram_rd_0_0 (xilinx.com:user:pl_bram_rd:1.0) from (Rev. 4) to (Rev. 5)






Copyright 1986-2020 Xilinx, Inc. All Rights Reserved.
------------------------------------------------------------------------------------
| Tool Version : Vivado v.2020.2 (win64) Build 3064766 Wed Nov 18 09:12:45 MST 2020
| Date         : Tue May  6 17:55:07 2025
| Host         : LAPTOP-83MS5HBI running 64-bit major release  (build 9200)
| Command      : upgrade_ip
| Device       : xc7z010clg400-1
------------------------------------------------------------------------------------

Upgrade Log for IP 'systembram_pl_bram_rd_0_0'

1. Summary
----------

SUCCESS in the upgrade of systembram_pl_bram_rd_0_0 (xilinx.com:user:pl_bram_rd:1.0) from (Rev. 3) to (Rev. 4)






Copyright 1986-2020 Xilinx, Inc. All Rights Reserved.
------------------------------------------------------------------------------------
| Tool Version : Vivado v.2020.2 (win64) Build 3064766 Wed Nov 18 09:12:45 MST 2020
| Date         : Tue May  6 17:33:52 2025
| Host         : LAPTOP-83MS5HBI running 64-bit major release  (build 9200)
| Command      : upgrade_ip
| Device       : xc7z010clg400-1
------------------------------------------------------------------------------------

Upgrade Log for IP 'systembram_pl_bram_rd_0_0'

1. Summary
----------

SUCCESS in the upgrade of systembram_pl_bram_rd_0_0 (xilinx.com:user:pl_bram_rd:1.0) from (Rev. 2) to (Rev. 3)






Copyright 1986-2020 Xilinx, Inc. All Rights Reserved.
------------------------------------------------------------------------------------
| Tool Version : Vivado v.2020.2 (win64) Build 3064766 Wed Nov 18 09:12:45 MST 2020
| Date         : Mon May  5 23:09:36 2025
| Host         : LAPTOP-83MS5HBI running 64-bit major release  (build 9200)
| Command      : upgrade_ip
| Device       : xc7z010clg400-1
------------------------------------------------------------------------------------

Upgrade Log for IP 'systembram_pl_bram_rd_0_0'

1. Summary
----------

SUCCESS in the conversion of systembram_pl_bram_rd_0_0 (xilinx.com:user:pl_bram_rd:1.0 (Rev. 2)) to Vivado generation flows.

