#-----------------------------------------------------------
# Vivado v2020.2 (64-bit)
# SW Build 3064766 on Wed Nov 18 09:12:45 MST 2020
# IP Build 3064653 on Wed Nov 18 14:17:31 MST 2020
# Start of session at: Thu Jul  3 21:27:40 2025
# Process ID: 33656
# Current directory: D:/ps_pl_bram
# Command line: vivado.exe -gui_launcher_event rodinguilauncherevent34132 D:\ps_pl_bram\ps_pl_bram.xpr
# Log file: D:/ps_pl_bram/vivado.log
# Journal file: D:/ps_pl_bram\vivado.jou
#-----------------------------------------------------------
start_gui
open_project D:/ps_pl_bram/ps_pl_bram.xpr
INFO: [Common 17-41] Interrupt caught. Command should exit soon.
INFO: [Common 17-344] 'open_project' was cancelled
open_project D:/VIVADOpro/ps_pl_bram/ps_pl_bram.xpr
Scanning sources...
Finished scanning sources
INFO: [IP_Flow 19-234] Refreshing IP repositories
INFO: [IP_Flow 19-1700] Loaded user IP repository 'd:/VIVADOpro/ps_pl_bram/ip_repo/pl_bram_rd_1.0'.
INFO: [IP_Flow 19-2313] Loaded Vivado IP repository 'E:/Vivado/2020.2/data/ip'.
open_project: Time (s): cpu = 00:00:08 ; elapsed = 00:00:11 . Memory (MB): peak = 1113.531 ; gain = 0.000
update_compile_order -fileset sources_1
ipx::edit_ip_in_project -upgrade true -name pl_bram_rd_v1_0_project -directory D:/VIVADOpro/ps_pl_bram/ps_pl_bram.tmp/pl_bram_rd_v1_0_project d:/VIVADOpro/ps_pl_bram/ip_repo/pl_bram_rd_1.0/component.xml
INFO: [IP_Flow 19-234] Refreshing IP repositories
INFO: [IP_Flow 19-1704] No user IP repositories specified
INFO: [IP_Flow 19-2313] Loaded Vivado IP repository 'E:/Vivado/2020.2/data/ip'.
create_project: Time (s): cpu = 00:00:04 ; elapsed = 00:00:05 . Memory (MB): peak = 1113.531 ; gain = 0.000
INFO: [IP_Flow 19-234] Refreshing IP repositories
INFO: [IP_Flow 19-1700] Loaded user IP repository 'd:/VIVADOpro/ps_pl_bram/ip_repo/pl_bram_rd_1.0'.
INFO: [IP_Flow 19-795] Syncing license key meta-data
ipx::edit_ip_in_project: Time (s): cpu = 00:00:06 ; elapsed = 00:00:07 . Memory (MB): peak = 1130.691 ; gain = 17.160
update_compile_order -fileset sources_1
current_project ps_pl_bram
close_project
exit
INFO: [Common 17-206] Exiting Vivado at Thu Jul  3 21:29:32 2025...
