#-----------------------------------------------------------
# Vivado v2020.2 (64-bit)
# SW Build 3064766 on Wed Nov 18 09:12:45 MST 2020
# IP Build 3064653 on Wed Nov 18 14:17:31 MST 2020
# Start of session at: Sun Jul  6 12:13:56 2025
# Process ID: 52660
# Current directory: E:/ps_pl_bram
# Command line: vivado.exe -gui_launcher_event rodinguilauncherevent52428 E:\ps_pl_bram\ps_pl_bram.xpr
# Log file: E:/ps_pl_bram/vivado.log
# Journal file: E:/ps_pl_bram\vivado.jou
#-----------------------------------------------------------
start_gui
open_project E:/ps_pl_bram/ps_pl_bram.xpr
INFO: [Project 1-313] Project file moved from 'D:/ps_pl_bram' since last save.
INFO: [filemgmt 56-1] Default IP Output Path : Directory not found as 'E:/ps_pl_bram/ps_pl_bram.gen/sources_1'; using path 'D:/ps_pl_bram/ps_pl_bram.gen/sources_1' instead.
INFO: [filemgmt 56-1] IPUserFilesDir: Directory not found as 'E:/ps_pl_bram/ps_pl_bram.ip_user_files'; using path 'D:/ps_pl_bram/ps_pl_bram.ip_user_files' instead.
WARNING: [Project 1-312] File not found as 'E:/ps_pl_bram/ps_pl_bram.srcs/sources_1/bd/systembram/systembram.bd'; using path 'D:/ps_pl_bram/ps_pl_bram.srcs/sources_1/bd/systembram/systembram.bd' instead.
WARNING: [Project 1-312] File not found as 'E:/ps_pl_bram/ps_pl_bram.gen/sources_1/bd/systembram/hdl/systembram_wrapper.v'; using path 'D:/ps_pl_bram/ps_pl_bram.gen/sources_1/bd/systembram/hdl/systembram_wrapper.v' instead.
WARNING: [Project 1-312] File not found as 'E:/ps_pl_bram/ps_pl_bram.srcs/constrs_1/new/bram.xdc'; using path 'D:/ps_pl_bram/ps_pl_bram.srcs/constrs_1/new/bram.xdc' instead.
Scanning sources...
Finished scanning sources
WARNING: [Project 1-509] GeneratedRun file for 'synth_1' not found
WARNING: [Project 1-509] GeneratedRun file for 'systembram_processing_system7_0_0_synth_1' not found
WARNING: [Project 1-509] GeneratedRun file for 'systembram_axi_bram_ctrl_0_0_synth_1' not found
WARNING: [Project 1-509] GeneratedRun file for 'systembram_blk_mem_gen_0_0_synth_1' not found
WARNING: [Project 1-509] GeneratedRun file for 'systembram_rst_ps7_0_50M_1_synth_1' not found
WARNING: [Project 1-509] GeneratedRun file for 'systembram_pl_bram_rd_0_0_synth_1' not found
WARNING: [Project 1-509] GeneratedRun file for 'impl_1' not found
INFO: [IP_Flow 19-234] Refreshing IP repositories
INFO: [IP_Flow 19-1700] Loaded user IP repository 'e:/ps_pl_bram/ip_repo/pl_bram_rd_1.0'.
INFO: [IP_Flow 19-2313] Loaded Vivado IP repository 'E:/Xilinx/Vivado/2020.2/data/ip'.
WARNING: [BD 41-1661] One or more IPs have been locked in the design 'systembram.bd'. Please run report_ip_status for more details and recommendations on how to fix this issue.
List of locked IPs:
systembram_pl_bram_rd_0_0

open_project: Time (s): cpu = 00:00:13 ; elapsed = 00:00:08 . Memory (MB): peak = 1145.293 ; gain = 0.000
update_compile_order -fileset sources_1
exit
INFO: [Common 17-206] Exiting Vivado at Sun Jul  6 12:20:59 2025...
ctory E:/ps_pl_bram/ps_pl_bram.tmp/pl_bram_rd_v1_0_project e:/ps_pl_bram/ip_repo/pl_bram_rd_1.0/component.xml
INFO: [IP_Flow 19-234] Refreshing IP repositories
INFO: [IP_Flow 19-1704] No user IP repositories specified
INFO: [IP_Flow 19-2313] Loaded Vivado IP repository 'E:/Xilinx/Vivado/2020.2/data/ip'.
INFO: [IP_Flow 19-234] Refreshing IP repositories
INFO: [IP_Flow 19-1700] Loaded user IP repository 'e:/ps_pl_bram/ip_repo/pl_bram_rd_1.0'.
INFO: [IP_Flow 19-795] Syncing license key meta-data
update_compile_order -fileset sources_1
close_project
exit
INFO: [Common 17-206] Exiting Vivado at Sun Jul  6 12:15:04 2025...
