#-----------------------------------------------------------
# Vivado v2020.2 (64-bit)
# SW Build 3064766 on Wed Nov 18 09:12:45 MST 2020
# IP Build 3064653 on Wed Nov 18 14:17:31 MST 2020
# Start of session at: Thu Jul  3 21:26:50 2025
# Process ID: 36152
# Current directory: D:/ps_pl_bram
# Command line: vivado.exe -gui_launcher_event rodinguilauncherevent35536 D:\ps_pl_bram\ps_pl_bram.xpr
# Log file: D:/ps_pl_bram/vivado.log
# Journal file: D:/ps_pl_bram\vivado.jou
#-----------------------------------------------------------
start_gui
open_project D:/ps_pl_bram/ps_pl_bram.xpr
Scanning sources...
Finished scanning sources
INFO: [IP_Flow 19-234] Refreshing IP repositories
INFO: [IP_Flow 19-1700] Loaded user IP repository 'd:/ps_pl_bram/ip_repo/pl_bram_rd_1.0'.
INFO: [IP_Flow 19-2313] Loaded Vivado IP repository 'E:/Vivado/2020.2/data/ip'.
ERROR: [Vivado 12-106] *** Exception: java.lang.NullPointerException (See D:/ps_pl_bram/vivado_pid36152.debug)
open_project: Time (s): cpu = 00:00:06 ; elapsed = 00:00:16 . Memory (MB): peak = 1112.645 ; gain = 0.000
ERROR: [Common 17-39] 'open_project' failed due to earlier errors.
exit
INFO: [Common 17-206] Exiting Vivado at Thu Jul  3 21:27:30 2025...
